::1 - - [09/Feb/2023:06:04:11 +0000] "POST /api/customer/signup_customer HTTP/1.1" 200 469
::1 - - [09/Feb/2023:06:16:55 +0000] "PUT /api/app_api/change_password HTTP/1.1" 400 40
::1 - - [09/Feb/2023:06:17:45 +0000] "PUT /api/app_api/change_password HTTP/1.1" 200 54
::1 - - [09/Feb/2023:06:29:41 +0000] "PUT /api/app_api/change_email HTTP/1.1" 200 51
::1 - - [09/Feb/2023:06:29:45 +0000] "PUT /api/app_api/change_email HTTP/1.1" 200 51
::1 - - [09/Feb/2023:06:30:08 +0000] "PUT /api/app_api/change_email HTTP/1.1" 200 51
::1 - - [09/Feb/2023:06:30:09 +0000] "PUT /api/app_api/change_email HTTP/1.1" 200 51
::1 - - [09/Feb/2023:06:30:09 +0000] "PUT /api/app_api/change_email HTTP/1.1" 200 51
::1 - - [09/Feb/2023:06:32:31 +0000] "PUT /api/app_api/change_email HTTP/1.1" 200 51
::1 - - [09/Feb/2023:06:32:32 +0000] "PUT /api/app_api/change_email HTTP/1.1" 200 51
::1 - - [09/Feb/2023:06:37:04 +0000] "GET /api/app_api/logout HTTP/1.1" 200 43
::1 - - [09/Feb/2023:06:45:46 +0000] "POST /api/app_api/email_verification HTTP/1.1" 400 63
::1 - - [09/Feb/2023:06:47:22 +0000] "POST /api/app_api/email_verification HTTP/1.1" 400 63
::1 - - [09/Feb/2023:06:49:21 +0000] "POST /api/app_api/email_verification HTTP/1.1" 400 63
::1 - - [09/Feb/2023:06:49:23 +0000] "POST /api/app_api/email_verification HTTP/1.1" 400 63
::1 - - [09/Feb/2023:06:50:33 +0000] "POST /api/app_api/email_verification HTTP/1.1" 200 40
::1 - - [09/Feb/2023:06:51:00 +0000] "POST /api/app_api/email_verification HTTP/1.1" 200 40
::1 - - [09/Feb/2023:06:55:07 +0000] "POST /api/app_api/email_verification HTTP/1.1" 200 40
::1 - - [09/Feb/2023:06:55:28 +0000] "POST /api/app_api/email_verification HTTP/1.1" 200 40
::1 - - [09/Feb/2023:07:02:08 +0000] "POST /api/app_api/code_verification HTTP/1.1" 400 55
::1 - - [09/Feb/2023:07:02:44 +0000] "POST /api/app_api/code_verification HTTP/1.1" 200 39
::1 - - [09/Feb/2023:07:06:54 +0000] "POST /api/app_api/code_verification HTTP/1.1" 400 55
::1 - - [09/Feb/2023:07:07:04 +0000] "POST /api/app_api/email_verification HTTP/1.1" 200 40
::1 - - [09/Feb/2023:07:07:43 +0000] "POST /api/app_api/code_verification HTTP/1.1" 200 39
::1 - - [09/Feb/2023:07:12:24 +0000] "POST /api/app_api/reset_password HTTP/1.1" 400 44
::1 - - [09/Feb/2023:07:12:58 +0000] "POST /api/app_api/reset_password HTTP/1.1" 400 44
::1 - - [09/Feb/2023:07:37:08 +0000] "GET /api/website_setting/ HTTP/1.1" 401 -
::1 - - [09/Feb/2023:07:38:06 +0000] "GET /api/website_setting/ HTTP/1.1" 401 35
